#-----------------------------------------------------------
# Vivado v2019.2 (64-bit)
# SW Build 2708876 on Wed Nov  6 21:40:23 MST 2019
# IP Build 2700528 on Thu Nov  7 00:09:20 MST 2019
# Start of session at: Thu Feb  1 14:20:44 2024
# Process ID: 3868
# Current directory: C:/Users/ohskr/Documents/repositories/GitHub/ESDML_Lab3/Lab3
# Command line: vivado.exe -gui_launcher_event rodinguilauncherevent4196 C:\Users\ohskr\Documents\repositories\GitHub\ESDML_Lab3\Lab3\Lab3.xpr
# Log file: C:/Users/ohskr/Documents/repositories/GitHub/ESDML_Lab3/Lab3/vivado.log
# Journal file: C:/Users/ohskr/Documents/repositories/GitHub/ESDML_Lab3/Lab3\vivado.jou
#-----------------------------------------------------------
start_gui
open_project C:/Users/ohskr/Documents/repositories/GitHub/ESDML_Lab3/Lab3/Lab3.xpr
INFO: [Project 1-313] Project file moved from 'C:/Users/ohskr/Desktop/Lab3' since last save.
Scanning sources...
Finished scanning sources
INFO: [IP_Flow 19-234] Refreshing IP repositories
INFO: [IP_Flow 19-1704] No user IP repositories specified
INFO: [IP_Flow 19-2313] Loaded Vivado IP repository 'C:/Xilinx/Vivado/2019.2/data/ip'.
update_compile_order -fileset sources_1
